<?xml version="1.0" encoding="UTF-8"?>
<testng-results ignored="0" total="1" passed="1" failed="0" skipped="0">
  <reporter-output>
  </reporter-output>
  <suite started-at="2025-12-23T14:55:18 IST" name="Suite" finished-at="2025-12-23T14:55:34 IST" duration-ms="16101">
    <groups>
    </groups>
    <test started-at="2025-12-23T14:55:18 IST" name="Test" finished-at="2025-12-23T14:55:34 IST" duration-ms="16101">
      <class name="PackageOne.LoginClassTestCase">
        <test-method is-config="true" signature="setUp()[pri:0, instance:PackageOne.LoginClassTestCase@54d9d12d]" started-at="2025-12-23T14:55:18 IST" name="setUp" finished-at="2025-12-23T14:55:26 IST" duration-ms="8003" status="PASS">
          <reporter-output>
          </reporter-output>
        </test-method> <!-- setUp -->
        <test-method signature="loginTest()[pri:0, instance:PackageOne.LoginClassTestCase@54d9d12d]" started-at="2025-12-23T14:55:26 IST" name="loginTest" finished-at="2025-12-23T14:55:34 IST" duration-ms="8021" status="PASS">
          <reporter-output>
          </reporter-output>
        </test-method> <!-- loginTest -->
      </class> <!-- PackageOne.LoginClassTestCase -->
    </test> <!-- Test -->
  </suite> <!-- Suite -->
</testng-results>
