<?xml version="1.0" encoding="UTF-8"?>
<testng-results ignored="0" total="1" passed="1" failed="0" skipped="0">
  <reporter-output>
  </reporter-output>
  <suite started-at="2025-12-23T18:14:48 IST" name="Suite" finished-at="2025-12-23T18:15:08 IST" duration-ms="20634">
    <groups>
    </groups>
    <test started-at="2025-12-23T18:14:48 IST" name="Test" finished-at="2025-12-23T18:15:08 IST" duration-ms="20634">
      <class name="PackageOne.LoginClassTestCase">
        <test-method is-config="true" signature="setUp()[pri:0, instance:PackageOne.LoginClassTestCase@2d1ef81a]" started-at="2025-12-23T18:14:48 IST" name="setUp" finished-at="2025-12-23T18:14:57 IST" duration-ms="9481" status="PASS">
          <reporter-output>
          </reporter-output>
        </test-method> <!-- setUp -->
        <test-method signature="loginTest()[pri:0, instance:PackageOne.LoginClassTestCase@2d1ef81a]" started-at="2025-12-23T18:14:57 IST" name="loginTest" finished-at="2025-12-23T18:15:08 IST" duration-ms="11058" status="PASS">
          <reporter-output>
          </reporter-output>
        </test-method> <!-- loginTest -->
      </class> <!-- PackageOne.LoginClassTestCase -->
    </test> <!-- Test -->
  </suite> <!-- Suite -->
</testng-results>
